<?xml version="1.0" encoding="UTF-8"?>
<testng-results ignored="0" total="1" passed="1" failed="0" skipped="0">
  <reporter-output>
  </reporter-output>
  <suite started-at="2022-10-06T11:37:43 IST" name="Default suite" finished-at="2022-10-06T11:37:49 IST" duration-ms="5339">
    <groups>
    </groups>
    <test started-at="2022-10-06T11:37:43 IST" name="Default test" finished-at="2022-10-06T11:37:49 IST" duration-ms="5339">
      <class name="mouseHover.MenuSubMenu">
        <test-method is-config="true" signature="launchBrowser()[pri:0, instance:mouseHover.MenuSubMenu@3a44431a]" started-at="2022-10-06T11:37:43 IST" name="launchBrowser" finished-at="2022-10-06T11:37:45 IST" duration-ms="1641" status="PASS">
          <reporter-output>
          </reporter-output>
        </test-method> <!-- launchBrowser -->
        <test-method signature="testMenuSubMenu()[pri:0, instance:mouseHover.MenuSubMenu@3a44431a]" started-at="2022-10-06T11:37:45 IST" name="testMenuSubMenu" finished-at="2022-10-06T11:37:49 IST" duration-ms="3673" status="PASS">
          <reporter-output>
          </reporter-output>
        </test-method> <!-- testMenuSubMenu -->
      </class> <!-- mouseHover.MenuSubMenu -->
    </test> <!-- Default test -->
  </suite> <!-- Default suite -->
</testng-results>
